<?xml version="1.0" encoding="UTF-8"?>
<!-- Generated by org.testng.reporters.JUnitReportReporter -->
<testsuite skipped="0" hostname="Syntaxs-MacBook-Pro.local" name="com.syntax.test.TestingTestNG" tests="1" failures="0" timestamp="2020-05-18T16:49:35 EDT" time="0.007" errors="0">
  <testcase name="hello" time="0.007" classname="com.syntax.test.TestingTestNG"/>
  <system-out/>
</testsuite> <!-- com.syntax.test.TestingTestNG -->
